mode: set
github.com/lucasti79/bgw4-put-patch-delete/cmd/http/main.go:16.13,32.47 9 0
github.com/lucasti79/bgw4-put-patch-delete/cmd/http/main.go:32.47,43.3 6 0
github.com/lucasti79/bgw4-put-patch-delete/cmd/http/main.go:45.2,45.56 1 0
github.com/lucasti79/bgw4-put-patch-delete/cmd/http/main.go:45.56,47.3 1 0
github.com/lucasti79/bgw4-put-patch-delete/cmd/http/middlewares/auth.go:8.46,9.71 1 0
github.com/lucasti79/bgw4-put-patch-delete/cmd/http/middlewares/auth.go:9.71,14.21 3 0
github.com/lucasti79/bgw4-put-patch-delete/cmd/http/middlewares/auth.go:14.21,19.4 4 0
github.com/lucasti79/bgw4-put-patch-delete/cmd/http/middlewares/auth.go:21.3,21.24 1 0
github.com/lucasti79/bgw4-put-patch-delete/cmd/http/middlewares/auth.go:21.24,26.4 4 0
github.com/lucasti79/bgw4-put-patch-delete/cmd/http/middlewares/auth.go:28.3,28.26 1 0
github.com/lucasti79/bgw4-put-patch-delete/cmd/http/middlewares/check_time.go:9.51,10.71 1 0
github.com/lucasti79/bgw4-put-patch-delete/cmd/http/middlewares/check_time.go:10.71,16.3 2 0
github.com/lucasti79/bgw4-put-patch-delete/config/config.go:3.13,6.2 1 0
github.com/lucasti79/bgw4-put-patch-delete/config/database.go:12.29,24.16 3 0
github.com/lucasti79/bgw4-put-patch-delete/config/database.go:24.16,26.3 1 0
github.com/lucasti79/bgw4-put-patch-delete/config/database.go:28.2,28.34 1 0
github.com/lucasti79/bgw4-put-patch-delete/config/database.go:28.34,30.3 1 0
github.com/lucasti79/bgw4-put-patch-delete/config/database.go:32.2,32.11 1 0
github.com/lucasti79/bgw4-put-patch-delete/config/environment.go:15.31,16.40 1 0
github.com/lucasti79/bgw4-put-patch-delete/config/environment.go:16.40,17.35 1 0
github.com/lucasti79/bgw4-put-patch-delete/config/environment.go:20.2,20.56 1 0
github.com/lucasti79/bgw4-put-patch-delete/config/environment.go:20.56,21.45 1 0
github.com/lucasti79/bgw4-put-patch-delete/config/environment.go:23.2,24.15 2 0
github.com/lucasti79/bgw4-put-patch-delete/pkg/testutils/testutil.go:11.83,18.2 5 0
github.com/lucasti79/bgw4-put-patch-delete/pkg/testutils/testutil.go:22.92,27.33 4 0
github.com/lucasti79/bgw4-put-patch-delete/pkg/testutils/testutil.go:27.33,29.3 1 0
github.com/lucasti79/bgw4-put-patch-delete/pkg/testutils/testutil.go:30.2,30.12 1 0
github.com/lucasti79/bgw4-put-patch-delete/tests/utils/sqlmock.go:11.67,16.2 4 0
github.com/lucasti79/bgw4-put-patch-delete/tests/utils/txdb.go:19.41,23.16 3 0
github.com/lucasti79/bgw4-put-patch-delete/tests/utils/txdb.go:23.16,24.35 1 0
github.com/lucasti79/bgw4-put-patch-delete/tests/utils/txdb.go:27.2,36.50 2 0
github.com/lucasti79/bgw4-put-patch-delete/tests/utils/txdb.go:39.54,42.16 3 0
github.com/lucasti79/bgw4-put-patch-delete/tests/utils/txdb.go:42.16,44.3 1 0
github.com/lucasti79/bgw4-put-patch-delete/tests/utils/txdb.go:46.2,46.16 1 0
github.com/lucasti79/bgw4-put-patch-delete/pkg/storage/map-storage.go:22.73,24.2 1 0
github.com/lucasti79/bgw4-put-patch-delete/pkg/storage/map-storage.go:26.56,28.30 2 0
github.com/lucasti79/bgw4-put-patch-delete/pkg/storage/map-storage.go:28.30,36.3 1 0
github.com/lucasti79/bgw4-put-patch-delete/pkg/storage/map-storage.go:37.2,37.22 1 0
github.com/lucasti79/bgw4-put-patch-delete/pkg/storage/map-storage.go:40.65,43.9 2 0
github.com/lucasti79/bgw4-put-patch-delete/pkg/storage/map-storage.go:43.9,45.3 1 0
github.com/lucasti79/bgw4-put-patch-delete/pkg/storage/map-storage.go:46.2,52.8 1 0
github.com/lucasti79/bgw4-put-patch-delete/pkg/storage/map-storage.go:55.70,60.12 3 0
github.com/lucasti79/bgw4-put-patch-delete/pkg/storage/map-storage.go:61.12,62.21 1 0
github.com/lucasti79/bgw4-put-patch-delete/pkg/storage/map-storage.go:63.10,65.26 2 0
github.com/lucasti79/bgw4-put-patch-delete/pkg/storage/map-storage.go:67.2,67.8 1 0
github.com/lucasti79/bgw4-put-patch-delete/pkg/storage/map-storage.go:70.70,72.29 1 0
github.com/lucasti79/bgw4-put-patch-delete/pkg/storage/map-storage.go:72.29,75.3 2 0
github.com/lucasti79/bgw4-put-patch-delete/pkg/storage/map-storage.go:77.2,80.8 3 0
github.com/lucasti79/bgw4-put-patch-delete/pkg/storage/map-storage.go:83.51,85.29 1 0
github.com/lucasti79/bgw4-put-patch-delete/pkg/storage/map-storage.go:85.29,88.3 2 0
github.com/lucasti79/bgw4-put-patch-delete/pkg/storage/map-storage.go:90.2,91.8 2 0
github.com/lucasti79/bgw4-put-patch-delete/pkg/web/request.go:10.59,12.2 1 0
github.com/lucasti79/bgw4-put-patch-delete/pkg/web/response.go:14.86,20.16 5 0
github.com/lucasti79/bgw4-put-patch-delete/pkg/web/response.go:20.16,22.3 1 0
github.com/lucasti79/bgw4-put-patch-delete/pkg/web/response.go:24.2,25.37 2 0
github.com/lucasti79/bgw4-put-patch-delete/cmd/http/handlers/employee.go:35.54,36.54 1 0
github.com/lucasti79/bgw4-put-patch-delete/cmd/http/handlers/employee.go:36.54,46.10 5 0
github.com/lucasti79/bgw4-put-patch-delete/cmd/http/handlers/employee.go:46.10,54.4 6 0
github.com/lucasti79/bgw4-put-patch-delete/cmd/http/handlers/employee.go:56.3,68.34 5 0
github.com/lucasti79/bgw4-put-patch-delete/cmd/http/handlers/health.go:7.40,9.2 1 0
github.com/lucasti79/bgw4-put-patch-delete/cmd/http/handlers/health.go:11.51,12.54 1 0
github.com/lucasti79/bgw4-put-patch-delete/cmd/http/handlers/health.go:12.54,16.3 3 0
github.com/lucasti79/bgw4-put-patch-delete/cmd/http/handlers/products.go:18.72,22.2 1 1
github.com/lucasti79/bgw4-put-patch-delete/cmd/http/handlers/products.go:24.50,25.54 1 1
github.com/lucasti79/bgw4-put-patch-delete/cmd/http/handlers/products.go:25.54,28.17 2 1
github.com/lucasti79/bgw4-put-patch-delete/cmd/http/handlers/products.go:28.17,32.4 3 0
github.com/lucasti79/bgw4-put-patch-delete/cmd/http/handlers/products.go:34.3,35.19 2 1
github.com/lucasti79/bgw4-put-patch-delete/cmd/http/handlers/products.go:35.19,37.4 1 0
github.com/lucasti79/bgw4-put-patch-delete/cmd/http/handlers/products.go:39.3,39.49 1 1
github.com/lucasti79/bgw4-put-patch-delete/cmd/http/handlers/products.go:43.51,45.54 1 0
github.com/lucasti79/bgw4-put-patch-delete/cmd/http/handlers/products.go:45.54,47.17 2 0
github.com/lucasti79/bgw4-put-patch-delete/cmd/http/handlers/products.go:47.17,51.4 3 0
github.com/lucasti79/bgw4-put-patch-delete/cmd/http/handlers/products.go:53.3,54.17 2 0
github.com/lucasti79/bgw4-put-patch-delete/cmd/http/handlers/products.go:54.17,57.11 3 0
github.com/lucasti79/bgw4-put-patch-delete/cmd/http/handlers/products.go:58.47,60.34 2 0
github.com/lucasti79/bgw4-put-patch-delete/cmd/http/handlers/products.go:61.12,63.38 2 0
github.com/lucasti79/bgw4-put-patch-delete/cmd/http/handlers/products.go:65.4,66.10 2 0
github.com/lucasti79/bgw4-put-patch-delete/cmd/http/handlers/products.go:69.3,70.43 2 0
github.com/lucasti79/bgw4-put-patch-delete/cmd/http/handlers/products.go:74.61,75.54 1 1
github.com/lucasti79/bgw4-put-patch-delete/cmd/http/handlers/products.go:75.54,77.17 2 1
github.com/lucasti79/bgw4-put-patch-delete/cmd/http/handlers/products.go:77.17,83.4 4 0
github.com/lucasti79/bgw4-put-patch-delete/cmd/http/handlers/products.go:85.3,86.54 2 1
github.com/lucasti79/bgw4-put-patch-delete/cmd/http/handlers/products.go:86.54,92.4 4 0
github.com/lucasti79/bgw4-put-patch-delete/cmd/http/handlers/products.go:94.3,101.55 2 1
github.com/lucasti79/bgw4-put-patch-delete/cmd/http/handlers/products.go:101.55,107.4 4 0
github.com/lucasti79/bgw4-put-patch-delete/cmd/http/handlers/products.go:109.3,110.43 2 1
github.com/lucasti79/bgw4-put-patch-delete/cmd/http/handlers/products.go:115.53,117.54 1 0
github.com/lucasti79/bgw4-put-patch-delete/cmd/http/handlers/products.go:117.54,119.17 2 0
github.com/lucasti79/bgw4-put-patch-delete/cmd/http/handlers/products.go:119.17,125.4 4 0
github.com/lucasti79/bgw4-put-patch-delete/cmd/http/handlers/products.go:127.3,128.17 2 0
github.com/lucasti79/bgw4-put-patch-delete/cmd/http/handlers/products.go:128.17,131.11 3 0
github.com/lucasti79/bgw4-put-patch-delete/cmd/http/handlers/products.go:132.47,134.34 2 0
github.com/lucasti79/bgw4-put-patch-delete/cmd/http/handlers/products.go:135.12,137.38 2 0
github.com/lucasti79/bgw4-put-patch-delete/cmd/http/handlers/products.go:139.4,140.10 2 0
github.com/lucasti79/bgw4-put-patch-delete/cmd/http/handlers/products.go:143.3,149.54 2 0
github.com/lucasti79/bgw4-put-patch-delete/cmd/http/handlers/products.go:149.54,155.4 4 0
github.com/lucasti79/bgw4-put-patch-delete/cmd/http/handlers/products.go:157.3,160.17 3 0
github.com/lucasti79/bgw4-put-patch-delete/cmd/http/handlers/products.go:160.17,163.11 3 0
github.com/lucasti79/bgw4-put-patch-delete/cmd/http/handlers/products.go:164.47,166.34 2 0
github.com/lucasti79/bgw4-put-patch-delete/cmd/http/handlers/products.go:167.12,169.38 2 0
github.com/lucasti79/bgw4-put-patch-delete/cmd/http/handlers/products.go:171.4,172.10 2 0
github.com/lucasti79/bgw4-put-patch-delete/cmd/http/handlers/products.go:175.3,176.43 2 0
github.com/lucasti79/bgw4-put-patch-delete/cmd/http/handlers/products.go:180.53,182.54 1 0
github.com/lucasti79/bgw4-put-patch-delete/cmd/http/handlers/products.go:182.54,184.17 2 0
github.com/lucasti79/bgw4-put-patch-delete/cmd/http/handlers/products.go:184.17,190.4 4 0
github.com/lucasti79/bgw4-put-patch-delete/cmd/http/handlers/products.go:192.3,193.17 2 0
github.com/lucasti79/bgw4-put-patch-delete/cmd/http/handlers/products.go:193.17,196.11 3 0
github.com/lucasti79/bgw4-put-patch-delete/cmd/http/handlers/products.go:197.47,199.34 2 0
github.com/lucasti79/bgw4-put-patch-delete/cmd/http/handlers/products.go:200.12,202.38 2 0
github.com/lucasti79/bgw4-put-patch-delete/cmd/http/handlers/products.go:204.4,205.10 2 0
github.com/lucasti79/bgw4-put-patch-delete/cmd/http/handlers/products.go:208.3,209.52 2 0
github.com/lucasti79/bgw4-put-patch-delete/pkg/storage/map-storage.go:22.73,24.2 1 1
github.com/lucasti79/bgw4-put-patch-delete/pkg/storage/map-storage.go:26.56,28.30 2 1
github.com/lucasti79/bgw4-put-patch-delete/pkg/storage/map-storage.go:28.30,36.3 1 1
github.com/lucasti79/bgw4-put-patch-delete/pkg/storage/map-storage.go:37.2,37.22 1 1
github.com/lucasti79/bgw4-put-patch-delete/pkg/storage/map-storage.go:40.65,43.9 2 0
github.com/lucasti79/bgw4-put-patch-delete/pkg/storage/map-storage.go:43.9,45.3 1 0
github.com/lucasti79/bgw4-put-patch-delete/pkg/storage/map-storage.go:46.2,52.8 1 0
github.com/lucasti79/bgw4-put-patch-delete/pkg/storage/map-storage.go:55.70,60.12 3 1
github.com/lucasti79/bgw4-put-patch-delete/pkg/storage/map-storage.go:61.12,62.21 1 1
github.com/lucasti79/bgw4-put-patch-delete/pkg/storage/map-storage.go:63.10,65.26 2 0
github.com/lucasti79/bgw4-put-patch-delete/pkg/storage/map-storage.go:67.2,67.8 1 1
github.com/lucasti79/bgw4-put-patch-delete/pkg/storage/map-storage.go:70.70,72.29 1 0
github.com/lucasti79/bgw4-put-patch-delete/pkg/storage/map-storage.go:72.29,75.3 2 0
github.com/lucasti79/bgw4-put-patch-delete/pkg/storage/map-storage.go:77.2,80.8 3 0
github.com/lucasti79/bgw4-put-patch-delete/pkg/storage/map-storage.go:83.51,85.29 1 0
github.com/lucasti79/bgw4-put-patch-delete/pkg/storage/map-storage.go:85.29,88.3 2 0
github.com/lucasti79/bgw4-put-patch-delete/pkg/storage/map-storage.go:90.2,91.8 2 0
github.com/lucasti79/bgw4-put-patch-delete/pkg/testutils/testutil.go:11.83,18.2 5 1
github.com/lucasti79/bgw4-put-patch-delete/pkg/testutils/testutil.go:22.92,27.33 4 0
github.com/lucasti79/bgw4-put-patch-delete/pkg/testutils/testutil.go:27.33,29.3 1 0
github.com/lucasti79/bgw4-put-patch-delete/pkg/testutils/testutil.go:30.2,30.12 1 0
github.com/lucasti79/bgw4-put-patch-delete/pkg/web/request.go:10.59,12.2 1 1
github.com/lucasti79/bgw4-put-patch-delete/pkg/web/response.go:14.86,20.16 5 1
github.com/lucasti79/bgw4-put-patch-delete/pkg/web/response.go:20.16,22.3 1 0
github.com/lucasti79/bgw4-put-patch-delete/pkg/web/response.go:24.2,25.37 2 1
github.com/lucasti79/bgw4-put-patch-delete/internal/product/mysql_repository.go:15.50,17.2 1 1
github.com/lucasti79/bgw4-put-patch-delete/internal/product/mysql_repository.go:19.59,24.16 3 0
github.com/lucasti79/bgw4-put-patch-delete/internal/product/mysql_repository.go:24.16,26.3 1 0
github.com/lucasti79/bgw4-put-patch-delete/internal/product/mysql_repository.go:28.2,28.18 1 0
github.com/lucasti79/bgw4-put-patch-delete/internal/product/mysql_repository.go:28.18,37.17 2 0
github.com/lucasti79/bgw4-put-patch-delete/internal/product/mysql_repository.go:37.17,39.4 1 0
github.com/lucasti79/bgw4-put-patch-delete/internal/product/mysql_repository.go:41.3,41.39 1 0
github.com/lucasti79/bgw4-put-patch-delete/internal/product/mysql_repository.go:43.2,43.22 1 0
github.com/lucasti79/bgw4-put-patch-delete/internal/product/mysql_repository.go:46.68,52.34 2 1
github.com/lucasti79/bgw4-put-patch-delete/internal/product/mysql_repository.go:52.34,54.3 1 0
github.com/lucasti79/bgw4-put-patch-delete/internal/product/mysql_repository.go:56.2,63.16 2 1
github.com/lucasti79/bgw4-put-patch-delete/internal/product/mysql_repository.go:63.16,64.36 1 0
github.com/lucasti79/bgw4-put-patch-delete/internal/product/mysql_repository.go:64.36,66.4 1 0
github.com/lucasti79/bgw4-put-patch-delete/internal/product/mysql_repository.go:67.3,67.18 1 0
github.com/lucasti79/bgw4-put-patch-delete/internal/product/mysql_repository.go:70.2,70.22 1 1
github.com/lucasti79/bgw4-put-patch-delete/internal/product/mysql_repository.go:73.67,78.16 2 1
github.com/lucasti79/bgw4-put-patch-delete/internal/product/mysql_repository.go:78.16,80.3 1 0
github.com/lucasti79/bgw4-put-patch-delete/internal/product/mysql_repository.go:82.2,83.16 2 1
github.com/lucasti79/bgw4-put-patch-delete/internal/product/mysql_repository.go:83.16,85.3 1 0
github.com/lucasti79/bgw4-put-patch-delete/internal/product/mysql_repository.go:87.2,88.12 2 1
github.com/lucasti79/bgw4-put-patch-delete/internal/product/mysql_repository.go:91.67,96.16 2 0
github.com/lucasti79/bgw4-put-patch-delete/internal/product/mysql_repository.go:96.16,98.3 1 0
github.com/lucasti79/bgw4-put-patch-delete/internal/product/mysql_repository.go:99.2,99.12 1 0
github.com/lucasti79/bgw4-put-patch-delete/internal/product/mysql_repository.go:101.48,111.16 2 1
github.com/lucasti79/bgw4-put-patch-delete/internal/product/mysql_repository.go:111.16,113.3 1 0
github.com/lucasti79/bgw4-put-patch-delete/internal/product/mysql_repository.go:115.2,118.65 3 1
github.com/lucasti79/bgw4-put-patch-delete/internal/product/mysql_repository.go:118.65,120.3 1 0
github.com/lucasti79/bgw4-put-patch-delete/internal/product/mysql_repository.go:122.2,122.12 1 1
github.com/lucasti79/bgw4-put-patch-delete/tests/utils/sqlmock.go:11.67,16.2 4 1
github.com/lucasti79/bgw4-put-patch-delete/tests/utils/txdb.go:19.41,23.16 3 0
github.com/lucasti79/bgw4-put-patch-delete/tests/utils/txdb.go:23.16,24.35 1 0
github.com/lucasti79/bgw4-put-patch-delete/tests/utils/txdb.go:27.2,36.50 2 0
github.com/lucasti79/bgw4-put-patch-delete/tests/utils/txdb.go:39.54,42.16 3 0
github.com/lucasti79/bgw4-put-patch-delete/tests/utils/txdb.go:42.16,44.3 1 0
github.com/lucasti79/bgw4-put-patch-delete/tests/utils/txdb.go:46.2,46.16 1 0
